
> thebiblicalmantruth@0.1.0 build
> next build

⚠ Warning: Next.js inferred your workspace root, but it may not be correct.
 We detected multiple lockfiles and selected the directory of /sessions/relaxed-lucid-clarke/package-lock.json as the root directory.
 To silence this warning, set `turbopack.root` in your Next.js config, or consider removing one of the lockfiles if it's not needed.
   See https://nextjs.org/docs/app/api-reference/config/next-config-js/turbopack#root-directory for more information.
 Detected additional lockfiles: 
   * /sessions/relaxed-lucid-clarke/mnt/adamjohnsson/cowork/thebiblicalmantruth/package-lock.json
   * /sessions/relaxed-lucid-clarke/mnt/adamjohnsson/package-lock.json

▲ Next.js 16.2.2 (Turbopack)

  Creating an optimized production build ...
Turbopack build encountered 2 warnings:
[next]/internal/font/google/inter_5665b08a.module.css
Error while requesting resource
There was an issue establishing a connection while requesting https://fonts.googleapis.com/css2?family=Inter:wght@400;500;600&display=swap

Import trace:
  Server Component:
    [next]/internal/font/google/inter_5665b08a.module.css
    [next]/internal/font/google/inter_5665b08a.js
    ./mnt/adamjohnsson/cowork/thebiblicalmantruth/src/app/layout.tsx


[next]/internal/font/google/oswald_4b4057e.module.css
Error while requesting resource
There was an issue establishing a connection while requesting https://fonts.googleapis.com/css2?family=Oswald:wght@400;500;600;700&display=swap

Import trace:
  Server Component:
    [next]/internal/font/google/oswald_4b4057e.module.css
    [next]/internal/font/google/oswald_4b4057e.js
    ./mnt/adamjohnsson/cowork/thebiblicalmantruth/src/app/layout.tsx



> Build error occurred
Error: Turbopack build failed with 2 errors:
[next]/internal/font/google/inter_5665b08a.module.css
next/font: error:
Failed to fetch `Inter` from Google Fonts.

Import trace:
  Server Component:
    [next]/internal/font/google/inter_5665b08a.module.css
    [next]/internal/font/google/inter_5665b08a.js
    ./mnt/adamjohnsson/cowork/thebiblicalmantruth/src/app/layout.tsx


[next]/internal/font/google/oswald_4b4057e.module.css
next/font: error:
Failed to fetch `Oswald` from Google Fonts.

Import trace:
  Server Component:
    [next]/internal/font/google/oswald_4b4057e.module.css
    [next]/internal/font/google/oswald_4b4057e.js
    ./mnt/adamjohnsson/cowork/thebiblicalmantruth/src/app/layout.tsx


    at ignore-listed frames
